<?xml version="1.0" encoding="UTF-8"?>
<testsuite xmlns:xsi="http://www.w3.org/2001/XMLSchema-instance" xsi:noNamespaceSchemaLocation="https://maven.apache.org/surefire/maven-surefire-plugin/xsd/surefire-test-report.xsd" version="3.0.2" name="com.contactos.GestorContactosTest" time="0.065" tests="5" errors="0" skipped="0" failures="0">
  <properties>
[...]
</properties>
  <testcase name="deberiaEliminarUnContactoExistente" classname="com.contactos.GestorContactosTest" time="0.032"/>
  <testcase name="deberiaBuscarUnContactoPorId" classname="com.contactos.GestorContactosTest" time="0.003"/>
  <testcase name="deberiaDevolverNullCuandoElContactoNoExiste" classname="com.contactos.GestorContactosTest" time="0.001"/>
  <testcase name="deberiaAgregarUnContacto" classname="com.contactos.GestorContactosTest" time="0.001"/>
  <testcase name="noDeberiaEliminarUnContactoInexistente" classname="com.contactos.GestorContactosTest" time="0.002"/>
</testsuite>